#
# There is insufficient memory for the Java Runtime Environment to continue.
# Native memory allocation (malloc) failed to allocate 436336 bytes for Chunk::new
# Possible reasons:
#   The system is out of physical RAM or swap space
#   In 32 bit mode, the process size limit was hit
# Possible solutions:
#   Reduce memory load on the system
#   Increase physical memory or swap space
#   Check if swap backing store is full
#   Use 64 bit Java on a 64 bit OS
#   Decrease Java heap size (-Xmx/-Xms)
#   Decrease number of Java threads
#   Decrease Java thread stack sizes (-Xss)
#   Set larger code cache with -XX:ReservedCodeCacheSize=
# This output file may be truncated or incomplete.
#
#  Out of Memory Error (allocation.cpp:390), pid=22464, tid=0x00000000000045b0
#
# JRE version: OpenJDK Runtime Environment (8.0_152-b02) (build 1.8.0_152-release-1024-b02)
# Java VM: OpenJDK 64-Bit Server VM (25.152-b02 mixed mode windows-amd64 compressed oops)
# Failed to write core dump. Minidumps are not enabled by default on client versions of Windows
#

---------------  T H R E A D  ---------------

Current thread (0x0000000016766800):  JavaThread "C2 CompilerThread1" daemon [_thread_in_native, id=17840, stack(0x0000000017ea0000,0x0000000017fa0000)]

Stack: [0x0000000017ea0000,0x0000000017fa0000]
[error occurred during error reporting (printing stack bounds), id 0xc0000005]

Native frames: (J=compiled Java code, j=interpreted, Vv=VM code, C=native code)


Current CompileTask:
C2:  19912 5782       4       java.io.WinNTFileSystem::normalize (231 bytes)


---------------  P R O C E S S  ---------------

Java Threads: ( => current thread )
  0x000000001b4e3800 JavaThread "Memory manager" [_thread_blocked, id=24920, stack(0x0000000021fe0000,0x00000000220e0000)]
  0x000000001b4dd800 JavaThread "build operations Thread 4" [_thread_blocked, id=19588, stack(0x00000000218e0000,0x00000000219e0000)]
  0x000000001b4e4800 JavaThread "build operations Thread 3" [_thread_blocked, id=24312, stack(0x00000000217e0000,0x00000000218e0000)]
  0x000000001b4e3000 JavaThread "build operations Thread 2" [_thread_blocked, id=884, stack(0x00000000216e0000,0x00000000217e0000)]
  0x000000001b4e2000 JavaThread "build operations" [_thread_blocked, id=22756, stack(0x00000000214e0000,0x00000000215e0000)]
  0x000000001b4e0000 JavaThread "Cache worker for Artifact transforms cache (C:\Users\Huu Ty\.gradle\caches\transforms-1)" [_thread_blocked, id=24796, stack(0x000000001e560000,0x000000001e660000)]
  0x0000000019713000 JavaThread "Cache worker for file hash cache (P:\Android\StudentManagement\.gradle\4.4\fileHashes)" [_thread_blocked, id=20852, stack(0x000000001c2c0000,0x000000001c3c0000)]
  0x000000001b1b1000 JavaThread "File lock request listener" [_thread_in_native, id=22920, stack(0x000000001c1c0000,0x000000001c2c0000)]
  0x000000001b120800 JavaThread "Cache worker for file hash cache (C:\Users\Huu Ty\.gradle\caches\4.4\fileHashes)" [_thread_blocked, id=23920, stack(0x000000001c0c0000,0x000000001c1c0000)]
  0x0000000019938000 JavaThread "Stdin handler" [_thread_blocked, id=25572, stack(0x000000001adf0000,0x000000001aef0000)]
  0x0000000019975000 JavaThread "Asynchronous log dispatcher for DefaultDaemonConnection: socket connection from /127.0.0.1:12582 to /127.0.0.1:12583" [_thread_blocked, id=23204, stack(0x000000001acf0000,0x000000001adf0000)]
  0x0000000019970800 JavaThread "Daemon worker" [_thread_in_vm, id=24648, stack(0x000000001abf0000,0x000000001acf0000)]
  0x000000001996f800 JavaThread "Cancel handler" [_thread_blocked, id=21776, stack(0x000000001aaf0000,0x000000001abf0000)]
  0x00000000194cb000 JavaThread "Handler for socket connection from /127.0.0.1:12582 to /127.0.0.1:12583" [_thread_in_native, id=18520, stack(0x000000001a7f0000,0x000000001a8f0000)]
  0x00000000194c8000 JavaThread "Daemon" [_thread_blocked, id=17316, stack(0x000000001a6f0000,0x000000001a7f0000)]
  0x00000000194a5000 JavaThread "Daemon periodic checks" [_thread_blocked, id=11244, stack(0x000000001a5f0000,0x000000001a6f0000)]
  0x000000001948c000 JavaThread "Incoming local TCP Connector on port 12582" [_thread_in_native, id=20940, stack(0x000000001a3b0000,0x000000001a4b0000)]
  0x00000000180d8800 JavaThread "Service Thread" daemon [_thread_blocked, id=3464, stack(0x00000000184a0000,0x00000000185a0000)]
  0x000000001676b000 JavaThread "C1 CompilerThread2" daemon [_thread_blocked, id=17928, stack(0x0000000017fa0000,0x00000000180a0000)]
=>0x0000000016766800 JavaThread "C2 CompilerThread1" daemon [_thread_in_native, id=17840, stack(0x0000000017ea0000,0x0000000017fa0000)]
  0x0000000016760000 JavaThread "C2 CompilerThread0" daemon [_thread_blocked, id=23760, stack(0x0000000017da0000,0x0000000017ea0000)]
  0x000000001675c800 JavaThread "Attach Listener" daemon [_thread_blocked, id=17536, stack(0x0000000017ca0000,0x0000000017da0000)]
  0x000000001675b000 JavaThread "Signal Dispatcher" daemon [_thread_blocked, id=17108, stack(0x0000000017ba0000,0x0000000017ca0000)]
  0x0000000002ded000 JavaThread "Finalizer" daemon [_thread_blocked, id=16448, stack(0x00000000179b0000,0x0000000017ab0000)]
  0x0000000002de2000 JavaThread "Reference Handler" daemon [_thread_blocked, id=8996, stack(0x00000000178b0000,0x00000000179b0000)]
  0x0000000002cf2800 JavaThread "main" [_thread_blocked, id=8860, stack(0x0000000002b00000,0x0000000002c00000)]

Other Threads:
  0x0000000016726800 VMThread [stack: 0x00000000177b0000,0x00000000178b0000] [id=16560]
  0x00000000167bb800 WatcherThread [stack: 0x00000000185a0000,0x00000000186a0000] [id=8532]

VM state:not at safepoint (normal execution)

VM Mutex/Monitor currently owned by a thread: None

Heap:
 PSYoungGen      total 118784K, used 89694K [0x00000000e0000000, 0x00000000e9e80000, 0x0000000100000000)
  eden space 105472K, 72% used [0x00000000e0000000,0x00000000e4a9d368,0x00000000e6700000)
  from space 13312K, 99% used [0x00000000e6700000,0x00000000e73fa6e8,0x00000000e7400000)
  to   space 15872K, 0% used [0x00000000e8f00000,0x00000000e8f00000,0x00000000e9e80000)
 ParOldGen       total 97280K, used 21073K [0x00000000a0000000, 0x00000000a5f00000, 0x00000000e0000000)
  object space 97280K, 21% used [0x00000000a0000000,0x00000000a14945e0,0x00000000a5f00000)
 Metaspace       used 54572K, capacity 56072K, committed 56152K, reserved 1099776K
  class space    used 7395K, capacity 7799K, committed 7808K, reserved 1048576K

Card table byte_map: [0x00000000121b0000,0x00000000124c0000] byte_map_base: 0x0000000011cb0000

Marking Bits: (ParMarkBitMap*) 0x00000000664a4970
 Begin Bits: [0x0000000012ac0000, 0x00000000142c0000)
 End Bits:   [0x00000000142c0000, 0x0000000015ac0000)

Polling page: 0x00000000012e0000

CodeCache: size=245760Kb used=19374Kb max_used=19385Kb free=226385Kb
 bounds [0x0000000002df0000, 0x00000000040f0000, 0x0000000011df0000]
 total_blobs=6279 nmethods=5507 adapters=684
 compilation: enabled

Compilation events (10 events):
Event: 19.897 Thread 0x000000001676b000 nmethod 5853 0x00000000040e71d0 code [0x00000000040e7340, 0x00000000040e7570]
Event: 19.897 Thread 0x000000001676b000 5860       1       org.gradle.api.internal.artifacts.dependencies.AbstractExternalModuleDependency::getName (5 bytes)
Event: 19.897 Thread 0x000000001676b000 nmethod 5860 0x00000000040e7650 code [0x00000000040e77a0, 0x00000000040e78b0]
Event: 19.897 Thread 0x000000001676b000 5852       1       com.android.build.gradle.internal.scope.GlobalScope::getProjectOptions (5 bytes)
Event: 19.897 Thread 0x000000001676b000 nmethod 5852 0x00000000040e7910 code [0x00000000040e7a60, 0x00000000040e7b70]
Event: 19.900 Thread 0x0000000016760000 nmethod 5840 0x00000000040ead10 code [0x00000000040eae60, 0x00000000040eb398]
Event: 19.900 Thread 0x0000000016760000 5854       4       java.util.WeakHashMap::get (77 bytes)
Event: 19.905 Thread 0x0000000016760000 nmethod 5854 0x00000000040eb790 code [0x00000000040eb8e0, 0x00000000040ebae8]
Event: 19.905 Thread 0x0000000016760000 5859       4       com.google.common.collect.ImmutableCollection::<init> (5 bytes)
Event: 19.905 Thread 0x0000000016760000 nmethod 5859 0x00000000040a9550 code [0x00000000040a9680, 0x00000000040a96d8]

GC Heap History (10 events):
Event: 9.282 GC heap before
{Heap before GC invocations=9 (full 1):
 PSYoungGen      total 70656K, used 67411K [0x00000000e0000000, 0x00000000e6400000, 0x0000000100000000)
  eden space 60416K, 100% used [0x00000000e0000000,0x00000000e3b00000,0x00000000e3b00000)
  from space 10240K, 68% used [0x00000000e3b00000,0x00000000e41d4e68,0x00000000e4500000)
  to   space 10240K, 0% used [0x00000000e5a00000,0x00000000e5a00000,0x00000000e6400000)
 ParOldGen       total 60416K, used 8215K [0x00000000a0000000, 0x00000000a3b00000, 0x00000000e0000000)
  object space 60416K, 13% used [0x00000000a0000000,0x00000000a0805d78,0x00000000a3b00000)
 Metaspace       used 31169K, capacity 31726K, committed 32000K, reserved 1077248K
  class space    used 4360K, capacity 4554K, committed 4608K, reserved 1048576K
Event: 9.312 GC heap after
Heap after GC invocations=9 (full 1):
 PSYoungGen      total 90624K, used 10225K [0x00000000e0000000, 0x00000000e7380000, 0x0000000100000000)
  eden space 80384K, 0% used [0x00000000e0000000,0x00000000e0000000,0x00000000e4e80000)
  from space 10240K, 99% used [0x00000000e5a00000,0x00000000e63fc6a0,0x00000000e6400000)
  to   space 11776K, 0% used [0x00000000e4e80000,0x00000000e4e80000,0x00000000e5a00000)
 ParOldGen       total 60416K, used 8676K [0x00000000a0000000, 0x00000000a3b00000, 0x00000000e0000000)
  object space 60416K, 14% used [0x00000000a0000000,0x00000000a08790c0,0x00000000a3b00000)
 Metaspace       used 31169K, capacity 31726K, committed 32000K, reserved 1077248K
  class space    used 4360K, capacity 4554K, committed 4608K, reserved 1048576K
}
Event: 10.610 GC heap before
{Heap before GC invocations=10 (full 1):
 PSYoungGen      total 90624K, used 40200K [0x00000000e0000000, 0x00000000e7380000, 0x0000000100000000)
  eden space 80384K, 37% used [0x00000000e0000000,0x00000000e1d45ab0,0x00000000e4e80000)
  from space 10240K, 99% used [0x00000000e5a00000,0x00000000e63fc6a0,0x00000000e6400000)
  to   space 11776K, 0% used [0x00000000e4e80000,0x00000000e4e80000,0x00000000e5a00000)
 ParOldGen       total 60416K, used 8676K [0x00000000a0000000, 0x00000000a3b00000, 0x00000000e0000000)
  object space 60416K, 14% used [0x00000000a0000000,0x00000000a08790c0,0x00000000a3b00000)
 Metaspace       used 34622K, capacity 35336K, committed 35416K, reserved 1079296K
  class space    used 4741K, capacity 4990K, committed 4992K, reserved 1048576K
Event: 10.633 GC heap after
Heap after GC invocations=10 (full 1):
 PSYoungGen      total 92160K, used 10217K [0x00000000e0000000, 0x00000000e8380000, 0x0000000100000000)
  eden space 80384K, 0% used [0x00000000e0000000,0x00000000e0000000,0x00000000e4e80000)
  from space 11776K, 86% used [0x00000000e4e80000,0x00000000e587a550,0x00000000e5a00000)
  to   space 12800K, 0% used [0x00000000e7700000,0x00000000e7700000,0x00000000e8380000)
 ParOldGen       total 60416K, used 10348K [0x00000000a0000000, 0x00000000a3b00000, 0x00000000e0000000)
  object space 60416K, 17% used [0x00000000a0000000,0x00000000a0a1b270,0x00000000a3b00000)
 Metaspace       used 34622K, capacity 35336K, committed 35416K, reserved 1079296K
  class space    used 4741K, capacity 4990K, committed 4992K, reserved 1048576K
}
Event: 10.633 GC heap before
{Heap before GC invocations=11 (full 2):
 PSYoungGen      total 92160K, used 10217K [0x00000000e0000000, 0x00000000e8380000, 0x0000000100000000)
  eden space 80384K, 0% used [0x00000000e0000000,0x00000000e0000000,0x00000000e4e80000)
  from space 11776K, 86% used [0x00000000e4e80000,0x00000000e587a550,0x00000000e5a00000)
  to   space 12800K, 0% used [0x00000000e7700000,0x00000000e7700000,0x00000000e8380000)
 ParOldGen       total 60416K, used 10348K [0x00000000a0000000, 0x00000000a3b00000, 0x00000000e0000000)
  object space 60416K, 17% used [0x00000000a0000000,0x00000000a0a1b270,0x00000000a3b00000)
 Metaspace       used 34622K, capacity 35336K, committed 35416K, reserved 1079296K
  class space    used 4741K, capacity 4990K, committed 4992K, reserved 1048576K
Event: 10.766 GC heap after
Heap after GC invocations=11 (full 2):
 PSYoungGen      total 92160K, used 0K [0x00000000e0000000, 0x00000000e8380000, 0x0000000100000000)
  eden space 80384K, 0% used [0x00000000e0000000,0x00000000e0000000,0x00000000e4e80000)
  from space 11776K, 0% used [0x00000000e4e80000,0x00000000e4e80000,0x00000000e5a00000)
  to   space 12800K, 0% used [0x00000000e7700000,0x00000000e7700000,0x00000000e8380000)
 ParOldGen       total 97280K, used 18242K [0x00000000a0000000, 0x00000000a5f00000, 0x00000000e0000000)
  object space 97280K, 18% used [0x00000000a0000000,0x00000000a11d0918,0x00000000a5f00000)
 Metaspace       used 34592K, capacity 35216K, committed 35416K, reserved 1079296K
  class space    used 4732K, capacity 4950K, committed 4992K, reserved 1048576K
}
Event: 12.610 GC heap before
{Heap before GC invocations=12 (full 2):
 PSYoungGen      total 92160K, used 80384K [0x00000000e0000000, 0x00000000e8380000, 0x0000000100000000)
  eden space 80384K, 100% used [0x00000000e0000000,0x00000000e4e80000,0x00000000e4e80000)
  from space 11776K, 0% used [0x00000000e4e80000,0x00000000e4e80000,0x00000000e5a00000)
  to   space 12800K, 0% used [0x00000000e7700000,0x00000000e7700000,0x00000000e8380000)
 ParOldGen       total 97280K, used 18242K [0x00000000a0000000, 0x00000000a5f00000, 0x00000000e0000000)
  object space 97280K, 18% used [0x00000000a0000000,0x00000000a11d0918,0x00000000a5f00000)
 Metaspace       used 41678K, capacity 42486K, committed 42712K, reserved 1085440K
  class space    used 5596K, capacity 5884K, committed 5888K, reserved 1048576K
Event: 12.653 GC heap after
Heap after GC invocations=12 (full 2):
 PSYoungGen      total 113664K, used 9954K [0x00000000e0000000, 0x00000000e8100000, 0x0000000100000000)
  eden space 103424K, 0% used [0x00000000e0000000,0x00000000e0000000,0x00000000e6500000)
  from space 10240K, 97% used [0x00000000e7700000,0x00000000e80b8848,0x00000000e8100000)
  to   space 13312K, 0% used [0x00000000e6700000,0x00000000e6700000,0x00000000e7400000)
 ParOldGen       total 97280K, used 18250K [0x00000000a0000000, 0x00000000a5f00000, 0x00000000e0000000)
  object space 97280K, 18% used [0x00000000a0000000,0x00000000a11d2918,0x00000000a5f00000)
 Metaspace       used 41678K, capacity 42486K, committed 42712K, reserved 1085440K
  class space    used 5596K, capacity 5884K, committed 5888K, reserved 1048576K
}
Event: 15.884 GC heap before
{Heap before GC invocations=13 (full 2):
 PSYoungGen      total 113664K, used 113378K [0x00000000e0000000, 0x00000000e8100000, 0x0000000100000000)
  eden space 103424K, 100% used [0x00000000e0000000,0x00000000e6500000,0x00000000e6500000)
  from space 10240K, 97% used [0x00000000e7700000,0x00000000e80b8848,0x00000000e8100000)
  to   space 13312K, 0% used [0x00000000e6700000,0x00000000e6700000,0x00000000e7400000)
 ParOldGen       total 97280K, used 18250K [0x00000000a0000000, 0x00000000a5f00000, 0x00000000e0000000)
  object space 97280K, 18% used [0x00000000a0000000,0x00000000a11d2918,0x00000000a5f00000)
 Metaspace       used 50054K, capacity 51076K, committed 51416K, reserved 1093632K
  class space    used 6740K, capacity 7117K, committed 7168K, reserved 1048576K
Event: 15.907 GC heap after
Heap after GC invocations=13 (full 2):
 PSYoungGen      total 118784K, used 13289K [0x00000000e0000000, 0x00000000e9e80000, 0x0000000100000000)
  eden space 105472K, 0% used [0x00000000e0000000,0x00000000e0000000,0x00000000e6700000)
  from space 13312K, 99% used [0x00000000e6700000,0x00000000e73fa6e8,0x00000000e7400000)
  to   space 15872K, 0% used [0x00000000e8f00000,0x00000000e8f00000,0x00000000e9e80000)
 ParOldGen       total 97280K, used 21073K [0x00000000a0000000, 0x00000000a5f00000, 0x00000000e0000000)
  object space 97280K, 21% used [0x00000000a0000000,0x00000000a14945e0,0x00000000a5f00000)
 Metaspace       used 50054K, capacity 51076K, committed 51416K, reserved 1093632K
  class space    used 6740K, capacity 7117K, committed 7168K, reserved 1048576K
}

Deoptimization events (10 events):
Event: 17.783 Thread 0x0000000019970800 Uncommon trap: reason=unstable_if action=reinterpret pc=0x00000000039712c8 method=org.objectweb.asm.ByteVector.putUTF8(Ljava/lang/String;)Lorg/objectweb/asm/ByteVector; @ 91
Event: 18.043 Thread 0x0000000019970800 Uncommon trap: reason=unstable_if action=reinterpret pc=0x0000000003327574 method=java.lang.String.lastIndexOf([CII[CIII)I @ 118
Event: 18.050 Thread 0x0000000019970800 Uncommon trap: reason=unstable_if action=reinterpret pc=0x0000000003647470 method=org.objectweb.asm.ByteVector.putUTF8(Ljava/lang/String;)Lorg/objectweb/asm/ByteVector; @ 91
Event: 18.656 Thread 0x0000000019970800 Uncommon trap: reason=unstable_if action=reinterpret pc=0x0000000003e4a928 method=java.util.regex.Pattern$GroupTail.match(Ljava/util/regex/Matcher;ILjava/lang/CharSequence;)Z @ 73
Event: 18.656 Thread 0x0000000019970800 Uncommon trap: reason=unstable_if action=reinterpret pc=0x0000000003f19c6c method=com.sun.org.apache.xerces.internal.impl.XMLEntityScanner.peekChar()I @ 51
Event: 18.656 Thread 0x0000000019970800 Uncommon trap: reason=unstable_if action=reinterpret pc=0x0000000003e4a098 method=com.sun.org.apache.xerces.internal.impl.XMLEntityScanner.scanContent(Lcom/sun/org/apache/xerces/internal/xni/XMLString;)I @ 163
Event: 19.572 Thread 0x0000000019970800 Uncommon trap: reason=unstable_if action=reinterpret pc=0x00000000040874c8 method=org.objectweb.asm.Type.getType(Ljava/lang/Class;)Lorg/objectweb/asm/Type; @ 33
Event: 19.572 Thread 0x0000000019970800 Uncommon trap: reason=unstable_if action=reinterpret pc=0x000000000307bcd0 method=org.objectweb.asm.Type.getArgumentsAndReturnSizes(Ljava/lang/String;)I @ 47
Event: 19.572 Thread 0x0000000019970800 Uncommon trap: reason=unstable_if action=reinterpret pc=0x0000000003c8e2a0 method=org.objectweb.asm.Type.getArgumentsAndReturnSizes(Ljava/lang/String;)I @ 47
Event: 19.759 Thread 0x0000000019970800 Uncommon trap: reason=unstable_if action=reinterpret pc=0x0000000003f25268 method=java.util.TreeMap.put(Ljava/lang/Object;Ljava/lang/Object;)Ljava/lang/Object; @ 163

Classes redefined (0 events):
No events

Internal exceptions (10 events):
Event: 16.601 Thread 0x0000000019970800 Exception <a 'sun/nio/fs/WindowsException'> (0x00000000e1aa0790) thrown at [D:\src\AOSP-openjdk-cygwin\jdk8u\hotspot\src\share\vm\prims\jni.cpp, line 709]
Event: 16.741 Thread 0x0000000019970800 Exception <a 'java/lang/NoSuchMethodError': java.lang.Object.lambda$comparing$77a9974f$1(Ljava/util/function/Function;Ljava/lang/Object;Ljava/lang/Object;)I> (0x00000000e1b29390) thrown at [D:\src\AOSP-openjdk-cygwin\jdk8u\hotspot\src\share\vm\interpreter
Event: 16.767 Thread 0x0000000019970800 Exception <a 'java/lang/NoSuchMethodError': java.lang.Object.lambda$thenComparing$36697e65$1(Ljava/util/Comparator;Ljava/lang/Object;Ljava/lang/Object;)I> (0x00000000e1b34a10) thrown at [D:\src\AOSP-openjdk-cygwin\jdk8u\hotspot\src\share\vm\interpreter\li
Event: 16.868 Thread 0x0000000019970800 Exception <a 'java/lang/NoSuchMethodError': java.lang.Object.lambda$maxBy$1(Ljava/util/Comparator;Ljava/lang/Object;Ljava/lang/Object;)Ljava/lang/Object;> (0x00000000e1c0d9e8) thrown at [D:\src\AOSP-openjdk-cygwin\jdk8u\hotspot\src\share\vm\interpreter\li
Event: 16.971 Thread 0x0000000019970800 Exception <a 'sun/nio/fs/WindowsException'> (0x00000000e1dbcfd0) thrown at [D:\src\AOSP-openjdk-cygwin\jdk8u\hotspot\src\share\vm\prims\jni.cpp, line 709]
Event: 17.378 Thread 0x0000000019970800 Exception <a 'java/lang/ClassNotFoundException': org/gradle/api/plugins/BasePluginConventionBeanInfo> (0x00000000e22a1068) thrown at [D:\src\AOSP-openjdk-cygwin\jdk8u\hotspot\src\share\vm\classfile\systemDictionary.cpp, line 210]
Event: 17.379 Thread 0x0000000019970800 Exception <a 'java/lang/ClassNotFoundException': org/gradle/api/plugins/BasePluginConventionCustomizer> (0x00000000e22c3798) thrown at [D:\src\AOSP-openjdk-cygwin\jdk8u\hotspot\src\share\vm\classfile\systemDictionary.cpp, line 210]
Event: 19.347 Thread 0x0000000019970800 Exception <a 'java/lang/NoSuchMethodError': java.lang.Object.lambda$static$0(Ljava/util/Set;Ljava/util/Set;)Z> (0x00000000e3d04bf8) thrown at [D:\src\AOSP-openjdk-cygwin\jdk8u\hotspot\src\share\vm\interpreter\linkResolver.cpp, line 584]
Event: 19.348 Thread 0x0000000019970800 Exception <a 'java/lang/NoSuchMethodError': java.lang.Object.lambda$static$1(Ljava/util/Set;Ljava/util/Set;)Z> (0x00000000e3d07798) thrown at [D:\src\AOSP-openjdk-cygwin\jdk8u\hotspot\src\share\vm\interpreter\linkResolver.cpp, line 584]
Event: 19.348 Thread 0x0000000019970800 Exception <a 'java/lang/NoSuchMethodError': java.lang.Object.lambda$static$2(Ljava/util/Set;Ljava/util/Set;)Z> (0x00000000e3d09f08) thrown at [D:\src\AOSP-openjdk-cygwin\jdk8u\hotspot\src\share\vm\interpreter\linkResolver.cpp, line 584]

Events (10 events):
Event: 19.876 loading class org/gradle/api/execution/TaskExecutionGraph
Event: 19.876 loading class org/gradle/api/execution/TaskExecutionGraph done
Event: 19.876 loading class com/android/build/gradle/internal/TaskManager
Event: 19.876 loading class com/android/build/gradle/internal/TaskManager done
Event: 19.895 loading class com/android/build/gradle/internal/tasks/TestPreBuildTask$ConfigAction
Event: 19.895 loading class com/android/build/gradle/internal/tasks/TestPreBuildTask$ConfigAction done
Event: 19.896 loading class com/android/build/gradle/internal/tasks/TestPreBuildTask
Event: 19.896 loading class com/android/build/gradle/internal/tasks/TestPreBuildTask done
Event: 19.898 loading class org/gradle/api/tasks/CompileClasspath
Event: 19.898 loading class org/gradle/api/tasks/CompileClasspath done


Dynamic libraries:
0x00007ff706fc0000 - 0x00007ff706ff1000 	C:\Program Files\Android\Android Studio\jre\bin\java.exe
0x00007fffa3c00000 - 0x00007fffa3de1000 	C:\WINDOWS\SYSTEM32\ntdll.dll
0x00007fffa1210000 - 0x00007fffa12c2000 	C:\WINDOWS\System32\KERNEL32.DLL
0x00007fffa0070000 - 0x00007fffa02e3000 	C:\WINDOWS\System32\KERNELBASE.dll
0x00007fffa15a0000 - 0x00007fffa1641000 	C:\WINDOWS\System32\ADVAPI32.dll
0x00007fffa1330000 - 0x00007fffa13ce000 	C:\WINDOWS\System32\msvcrt.dll
0x00007fffa3b70000 - 0x00007fffa3bcb000 	C:\WINDOWS\System32\sechost.dll
0x00007fffa1670000 - 0x00007fffa1794000 	C:\WINDOWS\System32\RPCRT4.dll
0x00007fffa1410000 - 0x00007fffa15a0000 	C:\WINDOWS\System32\USER32.dll
0x00007fffa07e0000 - 0x00007fffa0800000 	C:\WINDOWS\System32\win32u.dll
0x00007fffa13e0000 - 0x00007fffa1408000 	C:\WINDOWS\System32\GDI32.dll
0x00007fffa0530000 - 0x00007fffa06c2000 	C:\WINDOWS\System32\gdi32full.dll
0x00007fff9ffd0000 - 0x00007fffa006f000 	C:\WINDOWS\System32\msvcp_win.dll
0x00007fffa0f90000 - 0x00007fffa108a000 	C:\WINDOWS\System32\ucrtbase.dll
0x00007fff90d50000 - 0x00007fff90fb9000 	C:\WINDOWS\WinSxS\amd64_microsoft.windows.common-controls_6595b64144ccf1df_6.0.17134.165_none_fb429645306569ac\COMCTL32.dll
0x00007fffa1eb0000 - 0x00007fffa21d3000 	C:\WINDOWS\System32\combase.dll
0x00007fffa0f10000 - 0x00007fffa0f8a000 	C:\WINDOWS\System32\bcryptPrimitives.dll
0x00007fffa21e0000 - 0x00007fffa220d000 	C:\WINDOWS\System32\IMM32.DLL
0x0000000067ac0000 - 0x0000000067b92000 	C:\Program Files\Android\Android Studio\jre\jre\bin\msvcr100.dll
0x0000000065ce0000 - 0x000000006651f000 	C:\Program Files\Android\Android Studio\jre\jre\bin\server\jvm.dll
0x00007fffa3ae0000 - 0x00007fffa3ae8000 	C:\WINDOWS\System32\PSAPI.DLL
0x00007fff8c270000 - 0x00007fff8c279000 	C:\WINDOWS\SYSTEM32\WSOCK32.dll
0x00007fff9acd0000 - 0x00007fff9acda000 	C:\WINDOWS\SYSTEM32\VERSION.dll
0x00007fff9b350000 - 0x00007fff9b373000 	C:\WINDOWS\SYSTEM32\WINMM.dll
0x00007fffa2270000 - 0x00007fffa22dc000 	C:\WINDOWS\System32\WS2_32.dll
0x00007fff9b320000 - 0x00007fff9b34a000 	C:\WINDOWS\SYSTEM32\winmmbase.dll
0x00007fffa02f0000 - 0x00007fffa0339000 	C:\WINDOWS\System32\cfgmgr32.dll
0x00007fff9cad0000 - 0x00007fff9cadf000 	C:\Program Files\Android\Android Studio\jre\jre\bin\verify.dll
0x00007fff9aaf0000 - 0x00007fff9ab19000 	C:\Program Files\Android\Android Studio\jre\jre\bin\java.dll
0x00007fff9a7c0000 - 0x00007fff9a7d6000 	C:\Program Files\Android\Android Studio\jre\jre\bin\zip.dll
0x00007fffa26a0000 - 0x00007fffa3ae0000 	C:\WINDOWS\System32\SHELL32.dll
0x00007fffa25f0000 - 0x00007fffa2699000 	C:\WINDOWS\System32\shcore.dll
0x00007fffa0800000 - 0x00007fffa0f0d000 	C:\WINDOWS\System32\windows.storage.dll
0x00007fffa12d0000 - 0x00007fffa1321000 	C:\WINDOWS\System32\shlwapi.dll
0x00007fff9ffb0000 - 0x00007fff9ffc1000 	C:\WINDOWS\System32\kernel.appcore.dll
0x00007fff9ff10000 - 0x00007fff9ff2f000 	C:\WINDOWS\System32\profapi.dll
0x00007fff9ff50000 - 0x00007fff9ff9c000 	C:\WINDOWS\System32\powrprof.dll
0x00007fff9ffa0000 - 0x00007fff9ffaa000 	C:\WINDOWS\System32\FLTLIB.DLL
0x00007fff94450000 - 0x00007fff9446a000 	C:\Program Files\Android\Android Studio\jre\jre\bin\net.dll
0x00007fff9f790000 - 0x00007fff9f7f6000 	C:\WINDOWS\system32\mswsock.dll
0x00007fff94430000 - 0x00007fff94441000 	C:\Program Files\Android\Android Studio\jre\jre\bin\nio.dll
0x00007fff908c0000 - 0x00007fff908de000 	C:\Users\Huu Ty\.gradle\native\25\windows-amd64\native-platform.dll
0x00007fff9ad50000 - 0x00007fff9ad5d000 	C:\Program Files\Android\Android Studio\jre\jre\bin\management.dll
0x00007fff9f940000 - 0x00007fff9f957000 	C:\WINDOWS\SYSTEM32\CRYPTSP.dll
0x00007fff9f370000 - 0x00007fff9f3a3000 	C:\WINDOWS\system32\rsaenh.dll
0x00007fff9fa70000 - 0x00007fff9fa95000 	C:\WINDOWS\SYSTEM32\bcrypt.dll
0x00007fff9fe10000 - 0x00007fff9fe38000 	C:\WINDOWS\SYSTEM32\USERENV.dll
0x00007fff9f960000 - 0x00007fff9f96b000 	C:\WINDOWS\SYSTEM32\CRYPTBASE.dll
0x00007fff9f510000 - 0x00007fff9f548000 	C:\WINDOWS\SYSTEM32\IPHLPAPI.DLL
0x00007fffa13d0000 - 0x00007fffa13d8000 	C:\WINDOWS\System32\NSI.dll
0x00007fff993e0000 - 0x00007fff993f6000 	C:\WINDOWS\SYSTEM32\dhcpcsvc6.DLL
0x00007fff99e20000 - 0x00007fff99e3a000 	C:\WINDOWS\SYSTEM32\dhcpcsvc.DLL

VM Arguments:
jvm_args: -Xmx1536m -Dfile.encoding=windows-1252 -Duser.country=US -Duser.language=en -Duser.variant 
java_command: org.gradle.launcher.daemon.bootstrap.GradleDaemon 4.4
java_class_path (initial): C:\Users\Huu Ty\.gradle\wrapper\dists\gradle-4.4-all\9br9xq1tocpiv8o6njlyu5op1\gradle-4.4\lib\gradle-launcher-4.4.jar
Launcher Type: SUN_STANDARD

Environment Variables:
JAVA_HOME=C:\Program Files\Java\jdk1.8.0_171\bin
USERNAME=Huu Ty
OS=Windows_NT
PROCESSOR_IDENTIFIER=Intel64 Family 6 Model 61 Stepping 4, GenuineIntel



---------------  S Y S T E M  ---------------

OS: Windows 10.0 , 64 bit Build 17134 (10.0.17134.1)

CPU:total 4 (initial active 4) (2 cores per cpu, 2 threads per core) family 6 model 61 stepping 4, cmov, cx8, fxsr, mmx, sse, sse2, sse3, ssse3, sse4.1, sse4.2, popcnt, avx, avx2, aes, clmul, erms, 3dnowpref, lzcnt, ht, tsc, tscinvbit, bmi1, bmi2, adx

Memory: 4k page, physical 8301008k(1281168k free), swap 8301008k(4128k free)

vm_info: OpenJDK 64-Bit Server VM (25.152-b02) for windows-amd64 JRE (1.8.0_152-release-1024-b02), built by "builder" with MS VC++ 10.0 (VS2010)

time: Sun Jul 22 18:22:26 2018
elapsed time: 19 seconds (0d 0h 0m 19s)

